c:\users\админ\source\repos\shishkin\debug\vc142.pdb
c:\users\админ\source\repos\shishkin\debug\vc142.idb
c:\users\админ\source\repos\shishkin\debug\shishkin.obj
c:\users\админ\source\repos\shishkin\debug\shishkin.exe
c:\users\админ\source\repos\shishkin\debug\shishkin.ilk
c:\users\админ\source\repos\shishkin\debug\shishkin.pdb
c:\users\админ\source\repos\shishkin\debug\shishkinclr.vcxproj.assemblyreference.cache
c:\users\админ\source\repos\shishkin\debug\shishkinclr.vcxproj.generateresource.cache
c:\users\админ\source\repos\shishkin\debug\.netframework,version=v4.7.2.assemblyattributes.obj
c:\users\админ\source\repos\shishkin\debug\myform.obj
c:\users\админ\source\repos\shishkin\debug\pipe.obj
c:\users\админ\source\repos\shishkin\debug\source.obj
c:\users\админ\source\repos\shishkin\debug\shishkinclr.myform.resources
c:\users\админ\source\repos\shishkin\debug\shishkinclr.pdb
c:\users\админ\source\repos\shishkin\debug\shishkinclr.exe.metagen
c:\users\админ\source\repos\shishkin\debug\shishkin.tlog\cl.command.1.tlog
c:\users\админ\source\repos\shishkin\debug\shishkin.tlog\cl.read.1.tlog
c:\users\админ\source\repos\shishkin\debug\shishkin.tlog\cl.write.1.tlog
c:\users\админ\source\repos\shishkin\debug\shishkin.tlog\link.command.1.tlog
c:\users\админ\source\repos\shishkin\debug\shishkin.tlog\link.read.1.tlog
c:\users\админ\source\repos\shishkin\debug\shishkin.tlog\link.write.1.tlog
